<?xml version="1.0" encoding="UTF-8"?>
<coverage generated="1774761148365" clover="3.2.0">
  <project timestamp="1774761148365" name="All files">
    <metrics statements="61" coveredstatements="50" conditionals="21" coveredconditionals="17" methods="19" coveredmethods="16" elements="101" coveredelements="83" complexity="0" loc="61" ncloc="61" packages="4" files="5" classes="5"/>
    <package name="src">
      <metrics statements="25" coveredstatements="24" conditionals="15" coveredconditionals="14" methods="7" coveredmethods="6"/>
      <file name="App.jsx" path="/Users/dev_nack/Desktop/labs/prokedex-test/pokemon-pokedex/src/App.jsx">
        <metrics statements="25" coveredstatements="24" conditionals="15" coveredconditionals="14" methods="7" coveredmethods="6"/>
        <line num="8" count="7" type="stmt"/>
        <line num="9" count="7" type="stmt"/>
        <line num="10" count="7" type="stmt"/>
        <line num="11" count="7" type="stmt"/>
        <line num="13" count="7" type="stmt"/>
        <line num="15" count="7" type="stmt"/>
        <line num="16" count="5" type="stmt"/>
        <line num="17" count="5" type="stmt"/>
        <line num="18" count="5" type="stmt"/>
        <line num="19" count="5" type="stmt"/>
        <line num="21" count="5" type="stmt"/>
        <line num="23" count="3" type="stmt"/>
        <line num="25" count="2" type="stmt"/>
        <line num="26" count="2" type="stmt"/>
        <line num="30" count="3" type="stmt"/>
        <line num="32" count="1" type="stmt"/>
        <line num="33" count="1" type="stmt"/>
        <line num="35" count="4" type="stmt"/>
        <line num="39" count="5" type="stmt"/>
        <line num="42" count="7" type="stmt"/>
        <line num="43" count="2" type="stmt"/>
        <line num="46" count="7" type="stmt"/>
        <line num="47" count="0" type="stmt"/>
        <line num="50" count="7" type="stmt"/>
        <line num="93" count="2" type="stmt"/>
      </file>
    </package>
    <package name="src.components">
      <metrics statements="15" coveredstatements="15" conditionals="4" coveredconditionals="3" methods="6" coveredmethods="6"/>
      <file name="PokemonCard.jsx" path="/Users/dev_nack/Desktop/labs/prokedex-test/pokemon-pokedex/src/components/PokemonCard.jsx">
        <metrics statements="12" coveredstatements="12" conditionals="2" coveredconditionals="1" methods="4" coveredmethods="4"/>
        <line num="3" count="2" type="stmt"/>
        <line num="4" count="28" type="stmt"/>
        <line num="18" count="2" type="stmt"/>
        <line num="19" count="7" type="stmt"/>
        <line num="21" count="7" type="stmt"/>
        <line num="22" count="70" type="stmt"/>
        <line num="23" count="28" type="cond" truecount="1" falsecount="1"/>
        <line num="26" count="7" type="stmt"/>
        <line num="27" count="7" type="stmt"/>
        <line num="28" count="7" type="stmt"/>
        <line num="29" count="7" type="stmt"/>
        <line num="31" count="7" type="stmt"/>
      </file>
      <file name="SearchBar.jsx" path="/Users/dev_nack/Desktop/labs/prokedex-test/pokemon-pokedex/src/components/SearchBar.jsx">
        <metrics statements="3" coveredstatements="3" conditionals="2" coveredconditionals="2" methods="2" coveredmethods="2"/>
        <line num="4" count="2" type="stmt"/>
        <line num="5" count="13" type="stmt"/>
        <line num="12" count="1" type="stmt"/>
      </file>
    </package>
    <package name="src.hooks">
      <metrics statements="8" coveredstatements="8" conditionals="1" coveredconditionals="0" methods="4" coveredmethods="4"/>
      <file name="useDebounce.js" path="/Users/dev_nack/Desktop/labs/prokedex-test/pokemon-pokedex/src/hooks/useDebounce.js">
        <metrics statements="8" coveredstatements="8" conditionals="1" coveredconditionals="0" methods="4" coveredmethods="4"/>
        <line num="3" count="2" type="cond" truecount="0" falsecount="1"/>
        <line num="4" count="15" type="stmt"/>
        <line num="6" count="15" type="stmt"/>
        <line num="7" count="11" type="stmt"/>
        <line num="8" count="3" type="stmt"/>
        <line num="11" count="11" type="stmt"/>
        <line num="12" count="11" type="stmt"/>
        <line num="16" count="15" type="stmt"/>
      </file>
    </package>
    <package name="src.services">
      <metrics statements="13" coveredstatements="3" conditionals="1" coveredconditionals="0" methods="2" coveredmethods="0"/>
      <file name="pokeapi.js" path="/Users/dev_nack/Desktop/labs/prokedex-test/pokemon-pokedex/src/services/pokeapi.js">
        <metrics statements="13" coveredstatements="3" conditionals="1" coveredconditionals="0" methods="2" coveredmethods="0"/>
        <line num="3" count="1" type="stmt"/>
        <line num="5" count="1" type="cond" truecount="0" falsecount="1"/>
        <line num="6" count="0" type="stmt"/>
        <line num="7" count="0" type="stmt"/>
        <line num="8" count="0" type="stmt"/>
        <line num="10" count="0" type="stmt"/>
        <line num="11" count="0" type="stmt"/>
        <line num="15" count="1" type="stmt"/>
        <line num="16" count="0" type="stmt"/>
        <line num="17" count="0" type="stmt"/>
        <line num="18" count="0" type="stmt"/>
        <line num="20" count="0" type="stmt"/>
        <line num="21" count="0" type="stmt"/>
      </file>
    </package>
  </project>
</coverage>
