{"/Users/dev_nack/Desktop/labs/prokedex-test/pokemon-pokedex/src/App.jsx": {"path":"/Users/dev_nack/Desktop/labs/prokedex-test/pokemon-pokedex/src/App.jsx","statementMap":{"0":{"start":{"line":8,"column":34},"end":{"line":8,"column":46}},"1":{"start":{"line":9,"column":38},"end":{"line":9,"column":50}},"2":{"start":{"line":10,"column":32},"end":{"line":10,"column":46}},"3":{"start":{"line":11,"column":28},"end":{"line":11,"column":42}},"4":{"start":{"line":13,"column":30},"end":{"line":13,"column":58}},"5":{"start":{"line":15,"column":2},"end":{"line":40,"column":9}},"6":{"start":{"line":16,"column":25},"end":{"line":37,"column":5}},"7":{"start":{"line":17,"column":6},"end":{"line":36,"column":7}},"8":{"start":{"line":18,"column":8},"end":{"line":18,"column":25}},"9":{"start":{"line":19,"column":8},"end":{"line":19,"column":23}},"10":{"start":{"line":21,"column":28},"end":{"line":21,"column":54}},"11":{"start":{"line":23,"column":33},"end":{"line":28,"column":9}},"12":{"start":{"line":25,"column":27},"end":{"line":25,"column":62}},"13":{"start":{"line":26,"column":12},"end":{"line":26,"column":26}},"14":{"start":{"line":30,"column":8},"end":{"line":30,"column":38}},"15":{"start":{"line":32,"column":8},"end":{"line":32,"column":73}},"16":{"start":{"line":33,"column":8},"end":{"line":33,"column":54}},"17":{"start":{"line":35,"column":8},"end":{"line":35,"column":26}},"18":{"start":{"line":39,"column":4},"end":{"line":39,"column":19}},"19":{"start":{"line":42,"column":27},"end":{"line":44,"column":3}},"20":{"start":{"line":43,"column":4},"end":{"line":43,"column":74}},"21":{"start":{"line":46,"column":28},"end":{"line":48,"column":3}},"22":{"start":{"line":47,"column":4},"end":{"line":47,"column":22}},"23":{"start":{"line":50,"column":2},"end":{"line":107,"column":4}},"24":{"start":{"line":93,"column":14},"end":{"line":93,"column":64}}},"fnMap":{"0":{"name":"App","decl":{"start":{"line":7,"column":9},"end":{"line":7,"column":12}},"loc":{"start":{"line":7,"column":15},"end":{"line":108,"column":1}},"line":7},"1":{"name":"(anonymous_1)","decl":{"start":{"line":15,"column":12},"end":{"line":15,"column":13}},"loc":{"start":{"line":15,"column":18},"end":{"line":40,"column":3}},"line":15},"2":{"name":"(anonymous_2)","decl":{"start":{"line":16,"column":25},"end":{"line":16,"column":26}},"loc":{"start":{"line":16,"column":37},"end":{"line":37,"column":5}},"line":16},"3":{"name":"(anonymous_3)","decl":{"start":{"line":24,"column":26},"end":{"line":24,"column":27}},"loc":{"start":{"line":24,"column":52},"end":{"line":27,"column":11}},"line":24},"4":{"name":"(anonymous_4)","decl":{"start":{"line":42,"column":43},"end":{"line":42,"column":44}},"loc":{"start":{"line":43,"column":4},"end":{"line":43,"column":74}},"line":43},"5":{"name":"(anonymous_5)","decl":{"start":{"line":46,"column":28},"end":{"line":46,"column":29}},"loc":{"start":{"line":46,"column":34},"end":{"line":48,"column":3}},"line":46},"6":{"name":"(anonymous_6)","decl":{"start":{"line":92,"column":34},"end":{"line":92,"column":35}},"loc":{"start":{"line":93,"column":14},"end":{"line":93,"column":64}},"line":93}},"branchMap":{"0":{"loc":{"start":{"line":70,"column":9},"end":{"line":74,"column":9}},"type":"binary-expr","locations":[{"start":{"line":70,"column":9},"end":{"line":70,"column":16}},{"start":{"line":71,"column":10},"end":{"line":73,"column":16}}],"line":70},"1":{"loc":{"start":{"line":76,"column":9},"end":{"line":80,"column":9}},"type":"binary-expr","locations":[{"start":{"line":76,"column":9},"end":{"line":76,"column":14}},{"start":{"line":77,"column":10},"end":{"line":79,"column":16}}],"line":76},"2":{"loc":{"start":{"line":82,"column":9},"end":{"line":88,"column":9}},"type":"binary-expr","locations":[{"start":{"line":82,"column":9},"end":{"line":82,"column":17}},{"start":{"line":82,"column":21},"end":{"line":82,"column":27}},{"start":{"line":82,"column":31},"end":{"line":82,"column":60}},{"start":{"line":83,"column":10},"end":{"line":87,"column":16}}],"line":82},"3":{"loc":{"start":{"line":90,"column":9},"end":{"line":96,"column":9}},"type":"binary-expr","locations":[{"start":{"line":90,"column":9},"end":{"line":90,"column":17}},{"start":{"line":90,"column":21},"end":{"line":90,"column":27}},{"start":{"line":90,"column":31},"end":{"line":90,"column":58}},{"start":{"line":91,"column":10},"end":{"line":95,"column":16}}],"line":90},"4":{"loc":{"start":{"line":98,"column":9},"end":{"line":104,"column":9}},"type":"binary-expr","locations":[{"start":{"line":98,"column":9},"end":{"line":98,"column":17}},{"start":{"line":98,"column":21},"end":{"line":98,"column":27}},{"start":{"line":99,"column":10},"end":{"line":103,"column":19}}],"line":98}},"s":{"0":7,"1":7,"2":7,"3":7,"4":7,"5":7,"6":5,"7":5,"8":5,"9":5,"10":5,"11":3,"12":2,"13":2,"14":3,"15":1,"16":1,"17":4,"18":5,"19":7,"20":2,"21":7,"22":0,"23":7,"24":2},"f":{"0":7,"1":5,"2":5,"3":2,"4":2,"5":0,"6":2},"b":{"0":[7,5],"1":[7,1],"2":[7,2,1,0],"3":[7,2,1,1],"4":[7,2,1]},"_coverageSchema":"1a1c01bbd47fc00a2c39e90264f33305004495a9","hash":"9b41e6bb51a581302039c2b9bb8447f658ac9866"}
,"/Users/dev_nack/Desktop/labs/prokedex-test/pokemon-pokedex/src/components/PokemonCard.jsx": {"path":"/Users/dev_nack/Desktop/labs/prokedex-test/pokemon-pokedex/src/components/PokemonCard.jsx","statementMap":{"0":{"start":{"line":3,"column":16},"end":{"line":16,"column":1}},"1":{"start":{"line":4,"column":2},"end":{"line":15,"column":8}},"2":{"start":{"line":18,"column":20},"end":{"line":54,"column":1}},"3":{"start":{"line":19,"column":39},"end":{"line":19,"column":46}},"4":{"start":{"line":21,"column":23},"end":{"line":24,"column":3}},"5":{"start":{"line":22,"column":17},"end":{"line":22,"column":58}},"6":{"start":{"line":22,"column":33},"end":{"line":22,"column":57}},"7":{"start":{"line":23,"column":4},"end":{"line":23,"column":37}},"8":{"start":{"line":26,"column":13},"end":{"line":26,"column":31}},"9":{"start":{"line":27,"column":17},"end":{"line":27,"column":39}},"10":{"start":{"line":28,"column":18},"end":{"line":28,"column":41}},"11":{"start":{"line":29,"column":16},"end":{"line":29,"column":37}},"12":{"start":{"line":31,"column":2},"end":{"line":53,"column":4}}},"fnMap":{"0":{"name":"(anonymous_0)","decl":{"start":{"line":3,"column":16},"end":{"line":3,"column":17}},"loc":{"start":{"line":4,"column":2},"end":{"line":15,"column":8}},"line":4},"1":{"name":"(anonymous_1)","decl":{"start":{"line":18,"column":20},"end":{"line":18,"column":21}},"loc":{"start":{"line":18,"column":37},"end":{"line":54,"column":1}},"line":18},"2":{"name":"(anonymous_2)","decl":{"start":{"line":21,"column":23},"end":{"line":21,"column":24}},"loc":{"start":{"line":21,"column":37},"end":{"line":24,"column":3}},"line":21},"3":{"name":"(anonymous_3)","decl":{"start":{"line":22,"column":28},"end":{"line":22,"column":29}},"loc":{"start":{"line":22,"column":33},"end":{"line":22,"column":57}},"line":22}},"branchMap":{"0":{"loc":{"start":{"line":23,"column":11},"end":{"line":23,"column":36}},"type":"cond-expr","locations":[{"start":{"line":23,"column":18},"end":{"line":23,"column":32}},{"start":{"line":23,"column":35},"end":{"line":23,"column":36}}],"line":23}},"s":{"0":2,"1":28,"2":2,"3":7,"4":7,"5":28,"6":70,"7":28,"8":7,"9":7,"10":7,"11":7,"12":7},"f":{"0":28,"1":7,"2":28,"3":70},"b":{"0":[28,0]},"_coverageSchema":"1a1c01bbd47fc00a2c39e90264f33305004495a9","hash":"51179c0711639b41425baf44d12b404912322a54"}
,"/Users/dev_nack/Desktop/labs/prokedex-test/pokemon-pokedex/src/components/SearchBar.jsx": {"path":"/Users/dev_nack/Desktop/labs/prokedex-test/pokemon-pokedex/src/components/SearchBar.jsx","statementMap":{"0":{"start":{"line":4,"column":18},"end":{"line":28,"column":1}},"1":{"start":{"line":5,"column":2},"end":{"line":27,"column":4}},"2":{"start":{"line":12,"column":27},"end":{"line":12,"column":57}}},"fnMap":{"0":{"name":"(anonymous_0)","decl":{"start":{"line":4,"column":18},"end":{"line":4,"column":19}},"loc":{"start":{"line":4,"column":63},"end":{"line":28,"column":1}},"line":4},"1":{"name":"(anonymous_1)","decl":{"start":{"line":12,"column":20},"end":{"line":12,"column":21}},"loc":{"start":{"line":12,"column":27},"end":{"line":12,"column":57}},"line":12}},"branchMap":{"0":{"loc":{"start":{"line":16,"column":9},"end":{"line":24,"column":9}},"type":"binary-expr","locations":[{"start":{"line":16,"column":9},"end":{"line":16,"column":19}},{"start":{"line":17,"column":10},"end":{"line":23,"column":19}}],"line":16}},"s":{"0":2,"1":13,"2":1},"f":{"0":13,"1":1},"b":{"0":[13,3]},"_coverageSchema":"1a1c01bbd47fc00a2c39e90264f33305004495a9","hash":"02fb5cfc706cd12659d8dfaacfc29a6e5a604d66"}
,"/Users/dev_nack/Desktop/labs/prokedex-test/pokemon-pokedex/src/hooks/useDebounce.js": {"path":"/Users/dev_nack/Desktop/labs/prokedex-test/pokemon-pokedex/src/hooks/useDebounce.js","statementMap":{"0":{"start":{"line":3,"column":27},"end":{"line":17,"column":1}},"1":{"start":{"line":4,"column":46},"end":{"line":4,"column":61}},"2":{"start":{"line":6,"column":2},"end":{"line":14,"column":21}},"3":{"start":{"line":7,"column":20},"end":{"line":9,"column":13}},"4":{"start":{"line":8,"column":6},"end":{"line":8,"column":31}},"5":{"start":{"line":11,"column":4},"end":{"line":13,"column":6}},"6":{"start":{"line":12,"column":6},"end":{"line":12,"column":28}},"7":{"start":{"line":16,"column":2},"end":{"line":16,"column":24}}},"fnMap":{"0":{"name":"(anonymous_0)","decl":{"start":{"line":3,"column":27},"end":{"line":3,"column":28}},"loc":{"start":{"line":3,"column":51},"end":{"line":17,"column":1}},"line":3},"1":{"name":"(anonymous_1)","decl":{"start":{"line":6,"column":12},"end":{"line":6,"column":13}},"loc":{"start":{"line":6,"column":18},"end":{"line":14,"column":3}},"line":6},"2":{"name":"(anonymous_2)","decl":{"start":{"line":7,"column":31},"end":{"line":7,"column":32}},"loc":{"start":{"line":7,"column":37},"end":{"line":9,"column":5}},"line":7},"3":{"name":"(anonymous_3)","decl":{"start":{"line":11,"column":11},"end":{"line":11,"column":12}},"loc":{"start":{"line":11,"column":17},"end":{"line":13,"column":5}},"line":11}},"branchMap":{"0":{"loc":{"start":{"line":3,"column":35},"end":{"line":3,"column":46}},"type":"default-arg","locations":[{"start":{"line":3,"column":43},"end":{"line":3,"column":46}}],"line":3}},"s":{"0":2,"1":15,"2":15,"3":11,"4":3,"5":11,"6":11,"7":15},"f":{"0":15,"1":11,"2":3,"3":11},"b":{"0":[0]},"_coverageSchema":"1a1c01bbd47fc00a2c39e90264f33305004495a9","hash":"d270b8c1b1222287f58a30feba8d38928afd20e7"}
,"/Users/dev_nack/Desktop/labs/prokedex-test/pokemon-pokedex/src/services/pokeapi.js": {"path":"/Users/dev_nack/Desktop/labs/prokedex-test/pokemon-pokedex/src/services/pokeapi.js","statementMap":{"0":{"start":{"line":3,"column":17},"end":{"line":3,"column":44}},"1":{"start":{"line":5,"column":32},"end":{"line":13,"column":1}},"2":{"start":{"line":6,"column":2},"end":{"line":12,"column":3}},"3":{"start":{"line":7,"column":21},"end":{"line":7,"column":74}},"4":{"start":{"line":8,"column":4},"end":{"line":8,"column":33}},"5":{"start":{"line":10,"column":4},"end":{"line":10,"column":57}},"6":{"start":{"line":11,"column":4},"end":{"line":11,"column":16}},"7":{"start":{"line":15,"column":34},"end":{"line":23,"column":1}},"8":{"start":{"line":16,"column":2},"end":{"line":22,"column":3}},"9":{"start":{"line":17,"column":21},"end":{"line":17,"column":65}},"10":{"start":{"line":18,"column":4},"end":{"line":18,"column":25}},"11":{"start":{"line":20,"column":4},"end":{"line":20,"column":72}},"12":{"start":{"line":21,"column":4},"end":{"line":21,"column":16}}},"fnMap":{"0":{"name":"(anonymous_0)","decl":{"start":{"line":5,"column":32},"end":{"line":5,"column":33}},"loc":{"start":{"line":5,"column":54},"end":{"line":13,"column":1}},"line":5},"1":{"name":"(anonymous_1)","decl":{"start":{"line":15,"column":34},"end":{"line":15,"column":35}},"loc":{"start":{"line":15,"column":48},"end":{"line":23,"column":1}},"line":15}},"branchMap":{"0":{"loc":{"start":{"line":5,"column":39},"end":{"line":5,"column":49}},"type":"default-arg","locations":[{"start":{"line":5,"column":47},"end":{"line":5,"column":49}}],"line":5}},"s":{"0":1,"1":1,"2":0,"3":0,"4":0,"5":0,"6":0,"7":1,"8":0,"9":0,"10":0,"11":0,"12":0},"f":{"0":0,"1":0},"b":{"0":[0]},"_coverageSchema":"1a1c01bbd47fc00a2c39e90264f33305004495a9","hash":"896f07d24dda34d9ef74f96071095d802ad00a20"}
}
