TN:
SF:src/App.jsx
FN:7,App
FN:15,(anonymous_1)
FN:16,(anonymous_2)
FN:24,(anonymous_3)
FN:42,(anonymous_4)
FN:46,(anonymous_5)
FN:92,(anonymous_6)
FNF:7
FNH:6
FNDA:7,App
FNDA:5,(anonymous_1)
FNDA:5,(anonymous_2)
FNDA:2,(anonymous_3)
FNDA:2,(anonymous_4)
FNDA:0,(anonymous_5)
FNDA:2,(anonymous_6)
DA:8,7
DA:9,7
DA:10,7
DA:11,7
DA:13,7
DA:15,7
DA:16,5
DA:17,5
DA:18,5
DA:19,5
DA:21,5
DA:23,3
DA:25,2
DA:26,2
DA:30,3
DA:32,1
DA:33,1
DA:35,4
DA:39,5
DA:42,7
DA:43,2
DA:46,7
DA:47,0
DA:50,7
DA:93,2
LF:25
LH:24
BRDA:70,0,0,7
BRDA:70,0,1,5
BRDA:76,1,0,7
BRDA:76,1,1,1
BRDA:82,2,0,7
BRDA:82,2,1,2
BRDA:82,2,2,1
BRDA:82,2,3,0
BRDA:90,3,0,7
BRDA:90,3,1,2
BRDA:90,3,2,1
BRDA:90,3,3,1
BRDA:98,4,0,7
BRDA:98,4,1,2
BRDA:98,4,2,1
BRF:15
BRH:14
end_of_record
TN:
SF:src/components/PokemonCard.jsx
FN:3,(anonymous_0)
FN:18,(anonymous_1)
FN:21,(anonymous_2)
FN:22,(anonymous_3)
FNF:4
FNH:4
FNDA:28,(anonymous_0)
FNDA:7,(anonymous_1)
FNDA:28,(anonymous_2)
FNDA:70,(anonymous_3)
DA:3,2
DA:4,28
DA:18,2
DA:19,7
DA:21,7
DA:22,70
DA:23,28
DA:26,7
DA:27,7
DA:28,7
DA:29,7
DA:31,7
LF:12
LH:12
BRDA:23,0,0,28
BRDA:23,0,1,0
BRF:2
BRH:1
end_of_record
TN:
SF:src/components/SearchBar.jsx
FN:4,(anonymous_0)
FN:12,(anonymous_1)
FNF:2
FNH:2
FNDA:13,(anonymous_0)
FNDA:1,(anonymous_1)
DA:4,2
DA:5,13
DA:12,1
LF:3
LH:3
BRDA:16,0,0,13
BRDA:16,0,1,3
BRF:2
BRH:2
end_of_record
TN:
SF:src/hooks/useDebounce.js
FN:3,(anonymous_0)
FN:6,(anonymous_1)
FN:7,(anonymous_2)
FN:11,(anonymous_3)
FNF:4
FNH:4
FNDA:15,(anonymous_0)
FNDA:11,(anonymous_1)
FNDA:3,(anonymous_2)
FNDA:11,(anonymous_3)
DA:3,2
DA:4,15
DA:6,15
DA:7,11
DA:8,3
DA:11,11
DA:12,11
DA:16,15
LF:8
LH:8
BRDA:3,0,0,0
BRF:1
BRH:0
end_of_record
TN:
SF:src/services/pokeapi.js
FN:5,(anonymous_0)
FN:15,(anonymous_1)
FNF:2
FNH:0
FNDA:0,(anonymous_0)
FNDA:0,(anonymous_1)
DA:3,1
DA:5,1
DA:6,0
DA:7,0
DA:8,0
DA:10,0
DA:11,0
DA:15,1
DA:16,0
DA:17,0
DA:18,0
DA:20,0
DA:21,0
LF:13
LH:3
BRDA:5,0,0,0
BRF:1
BRH:0
end_of_record
